7550
2
16
18
197
11687164
8257837
52282748
59181515
11687164
8257837
52282748
24078556
11687164
8257837
52282748
24078556
11687164
8257837
52282748
24078556
11687164
8257837
52282748
24078556
11687164
8257837
52282748
24078556
11687164
8257837
52282748
24078556
11687164
8257837
52282748
11687164
8257837
52282748
11687164
8257837
52282748
11687164
8257837
52282748
11687164
8257837
52282748
11687164
8257837
52282748
11687164
8257837
52282748
11687164
8257837
52282748
11687164
8257837
52282748
11687164
8257837
52282748
24078556
24078556
24078556
24078556
24078556
24078556
24078556
24078556
24078556
24078556
11687164
8257837
52282748
24078556
11687164
8257837
52282748
24078556
11687164
8257837
52282748
24078556
11687164
8257837
52282748
24078556
11687164
8257837
52282748
24078556
11687164
8257837
52282748
24078556
11687164
8257837
52282748
24078556
197
6
110
100
19
32

491 ms
